<?xml version="1.0" encoding="UTF-8"?>
<!-- Generated by org.testng.reporters.JUnitReportReporter -->
<testsuite hostname="DESKTOP-TOGF6KB" failures="0" tests="4" name="com.ddf.testcases.AddCustomerTest" time="13.536" errors="0" timestamp="19 Oct 2021 16:06:50 GMT" skipped="1">
  <testcase classname="com.ddf.testcases.AddCustomerTest" name="addCustomerTest" time="0.002">
    <skipped/>
  </testcase> <!-- addCustomerTest -->
  <testcase classname="com.ddf.testcases.AddCustomerTest" name="addCustomerTest" time="4.348"/>
  <testcase classname="com.ddf.testcases.AddCustomerTest" name="addCustomerTest" time="4.836"/>
  <testcase classname="com.ddf.testcases.AddCustomerTest" name="addCustomerTest" time="4.350"/>
</testsuite> <!-- com.ddf.testcases.AddCustomerTest -->
