<?xml version="1.0" encoding="UTF-8"?>
<!-- Generated by org.testng.reporters.JUnitReportReporter -->
<testsuite hostname="DESKTOP-TOGF6KB" failures="0" tests="1" name="com.ddf.testcases.BankManagerLoginTest" time="3.777" errors="0" timestamp="19 Oct 2021 16:06:50 GMT" skipped="0">
  <testcase classname="com.ddf.testcases.BankManagerLoginTest" name="bankManagerLoginTest" time="3.777"/>
</testsuite> <!-- com.ddf.testcases.BankManagerLoginTest -->
