<?xml version="1.0" encoding="UTF-8"?>
<!-- Generated by org.testng.reporters.JUnitReportReporter -->
<testsuite hostname="DESKTOP-TOGF6KB" failures="0" tests="1" name="com.ddf.testcases.LoginTest" time="3.222" errors="0" timestamp="19 Oct 2021 11:44:18 GMT" skipped="0">
  <testcase classname="com.ddf.testcases.LoginTest" name="loginAsBankManager" time="3.222"/>
</testsuite> <!-- com.ddf.testcases.LoginTest -->
