<?xml version="1.0" encoding="UTF-8"?>
<!-- Generated by org.testng.reporters.JUnitReportReporter -->
<testsuite hostname="DESKTOP-TOGF6KB" failures="0" tests="1" name="com.mexx.testcases.UiTap" time="66.572" errors="0" timestamp="14 Nov 2021 20:11:06 GMT" skipped="0">
  <testcase classname="com.mexx.testcases.UiTap" name="progressBar" time="66.572"/>
</testsuite> <!-- com.mexx.testcases.UiTap -->
