<?xml version="1.0" encoding="UTF-8"?>
<!-- Generated by org.testng.reporters.JUnitReportReporter -->
<testsuite hostname="DESKTOP-TOGF6KB" failures="0" tests="8" name="com.mexx.testcases.UiTap" time="106.679" errors="0" timestamp="15 Nov 2021 00:39:26 GMT" skipped="0">
  <testcase classname="com.mexx.testcases.UiTap" name="ajaxData" time="19.978"/>
  <testcase classname="com.mexx.testcases.UiTap" name="dynamicTable" time="4.998"/>
  <testcase classname="com.mexx.testcases.UiTap" name="classAttribute" time="10.968"/>
  <testcase classname="com.mexx.testcases.UiTap" name="scrollBars" time="4.978"/>
  <testcase classname="com.mexx.testcases.UiTap" name="progressBar" time="29.878"/>
  <testcase classname="com.mexx.testcases.UiTap" name="hiddenLayer" time="5.510"/>
  <testcase classname="com.mexx.testcases.UiTap" name="nonBreakingSpace" time="14.896"/>
  <testcase classname="com.mexx.testcases.UiTap" name="visibility" time="15.473"/>
</testsuite> <!-- com.mexx.testcases.UiTap -->
