<?xml version="1.0" encoding="UTF-8"?>
<!-- Generated by org.testng.reporters.JUnitReportReporter -->
<testsuite hostname="DESKTOP-TOGF6KB" failures="0" tests="8" name="com.mexx.testcases.UiTap" time="108.297" errors="0" timestamp="15 Nov 2021 10:32:36 GMT" skipped="0">
  <testcase classname="com.mexx.testcases.UiTap" name="scrollBars" time="8.275"/>
  <testcase classname="com.mexx.testcases.UiTap" name="ajaxData" time="20.423"/>
  <testcase classname="com.mexx.testcases.UiTap" name="visibility" time="15.883"/>
  <testcase classname="com.mexx.testcases.UiTap" name="dynamicTable" time="4.256"/>
  <testcase classname="com.mexx.testcases.UiTap" name="classAttribute" time="10.836"/>
  <testcase classname="com.mexx.testcases.UiTap" name="hiddenLayer" time="10.556"/>
  <testcase classname="com.mexx.testcases.UiTap" name="nonBreakingSpace" time="15.163"/>
  <testcase classname="com.mexx.testcases.UiTap" name="progressBar" time="22.905"/>
</testsuite> <!-- com.mexx.testcases.UiTap -->
